Using pre-set license
Built from '2020.3/staging' branch; Version is '2020.3.6f1 (338bb68529b2) revision 3378102'; Using compiler version '192528614'; Build Type 'Release'
OS: 'Windows 10 Home; OS build 19042.1415; Version 2009; 64bit' Language: 'en' Physical Memory: 16383 MB
BatchMode: 1, IsHumanControllingUs: 0, StartBugReporterOnCrash: 0, Is64bit: 1, IsPro: 0

 COMMAND LINE ARGUMENTS:
F:\Programs\Unity\2020.3.6f1\Editor\Unity.exe
-adb2
-batchMode
-noUpm
-name
AssetImportWorker0
-projectPath
F:/Projects/GitH/SlotMachine
-logFile
Logs/AssetImportWorker0.log
-srvPort
62238
Successfully changed project path to: F:/Projects/GitH/SlotMachine
F:/Projects/GitH/SlotMachine
Using Asset Import Pipeline V2.
Refreshing native plugins compatible for Editor in 49.73 ms, found 0 plugins.
Preloading 0 native plugins for Editor in 0.00 ms.
Initialize engine version: 2020.3.6f1 (338bb68529b2)
[Subsystems] Discovering subsystems at path F:/Programs/Unity/2020.3.6f1/Editor/Data/Resources/UnitySubsystems
[Subsystems] Discovering subsystems at path F:/Projects/GitH/SlotMachine/Assets
GfxDevice: creating device client; threaded=0
Direct3D:
    Version:  Direct3D 11.0 [level 11.1]
    Renderer: NVIDIA GeForce GTX 1060 6GB (ID=0x1c03)
    Vendor:   
    VRAM:     6052 MB
    Driver:   30.0.14.7239
Initialize mono
Mono path[0] = 'F:/Programs/Unity/2020.3.6f1/Editor/Data/Managed'
Mono path[1] = 'F:/Programs/Unity/2020.3.6f1/Editor/Data/MonoBleedingEdge/lib/mono/unityjit'
Mono config path = 'F:/Programs/Unity/2020.3.6f1/Editor/Data/MonoBleedingEdge/etc'
Using monoOptions --debugger-agent=transport=dt_socket,embedding=1,server=y,suspend=n,address=127.0.0.1:56688
Begin MonoManager ReloadAssembly
Registering precompiled unity dll's ...
Register platform support module: F:/Programs/Unity/2020.3.6f1/Editor/Data/PlaybackEngines/WindowsStandaloneSupport/UnityEditor.WindowsStandalone.Extensions.dll
Registered in 0.003499 seconds.
Native extension for WindowsStandalone target not found
Refreshing native plugins compatible for Editor in 48.66 ms, found 0 plugins.
Preloading 0 native plugins for Editor in 0.00 ms.
Mono: successfully reloaded assembly
- Completed reload, in  2.047 seconds
Platform modules already initialized, skipping
Registering precompiled user dll's ...
Registered in 0.001207 seconds.
Begin MonoManager ReloadAssembly
Native extension for WindowsStandalone target not found
Refreshing native plugins compatible for Editor in 0.48 ms, found 0 plugins.
Preloading 0 native plugins for Editor in 0.00 ms.
Mono: successfully reloaded assembly
- Completed reload, in  1.835 seconds
Platform modules already initialized, skipping
========================================================================
Worker process is ready to serve import requests
Launched and connected shader compiler UnityShaderCompiler.exe after 0.11 seconds
Refreshing native plugins compatible for Editor in 0.43 ms, found 0 plugins.
Preloading 0 native plugins for Editor in 0.00 ms.
Unloading 1152 Unused Serialized files (Serialized files now loaded: 0)
System memory in use before: 58.2 MB.
System memory in use after: 58.3 MB.

Unloading 8 unused Assets to reduce memory usage. Loaded Objects now: 1598.
Total: 2.852100 ms (FindLiveObjects: 0.325200 ms CreateObjectMapping: 0.095400 ms MarkObjects: 2.390200 ms  DeleteObjects: 0.040200 ms)

========================================================================
Received Import Request.
  path: Assets/SlotMachineArt/Handle.png
  artifactKey: Guid(fb3acd067e51bc34397a273c32899566) Importer(815301076,1909f56bfc062723c751e8b465ee728b)
Start importing Assets/SlotMachineArt/Handle.png using Guid(fb3acd067e51bc34397a273c32899566) Importer(815301076,1909f56bfc062723c751e8b465ee728b)  -> (artifact id: '08b41b39e7bc92d15be46d95dca53b8f') in 0.277755 seconds
  Import took 0.281258 seconds .

========================================================================
Received Import Request.
  Time since last request: 0.000333 seconds.
  path: Assets/SlotMachineArt/SlotGradient.png
  artifactKey: Guid(a190cb50e180bc2428f4f2143b46629c) Importer(815301076,1909f56bfc062723c751e8b465ee728b)
Start importing Assets/SlotMachineArt/SlotGradient.png using Guid(a190cb50e180bc2428f4f2143b46629c) Importer(815301076,1909f56bfc062723c751e8b465ee728b)  -> (artifact id: '828378c43800d43b7dcc69cc0ebe8199') in 0.027641 seconds
  Import took 0.030714 seconds .

========================================================================
Received Import Request.
  Time since last request: 0.000369 seconds.
  path: Assets/SlotMachineArt/Results.png
  artifactKey: Guid(595f9b0bbb7d9364e866b7ee84882357) Importer(815301076,1909f56bfc062723c751e8b465ee728b)
Start importing Assets/SlotMachineArt/Results.png using Guid(595f9b0bbb7d9364e866b7ee84882357) Importer(815301076,1909f56bfc062723c751e8b465ee728b)  -> (artifact id: 'dfd3f9c83515e663bfb6b53b383fa086') in 0.025650 seconds
  Import took 0.029644 seconds .

========================================================================
Received Import Request.
  Time since last request: 0.000407 seconds.
  path: Assets/SlotMachine
  artifactKey: Guid(6f417f2f627c6ca409ba5e9eda9eff21) Importer(815301076,1909f56bfc062723c751e8b465ee728b)
Start importing Assets/SlotMachine using Guid(6f417f2f627c6ca409ba5e9eda9eff21) Importer(815301076,1909f56bfc062723c751e8b465ee728b)  -> (artifact id: 'ccbd13be605fb35c83f2bd6b51e6cd96') in 0.011992 seconds
  Import took 0.016302 seconds .

========================================================================
Received Import Request.
  Time since last request: 0.000460 seconds.
  path: Assets/SlotMachineArt/Row.png
  artifactKey: Guid(00a71a5ea42abad4c9397c1a66a4245a) Importer(815301076,1909f56bfc062723c751e8b465ee728b)
Start importing Assets/SlotMachineArt/Row.png using Guid(00a71a5ea42abad4c9397c1a66a4245a) Importer(815301076,1909f56bfc062723c751e8b465ee728b)  -> (artifact id: 'e1ef2fecc3fc5eb5220298a5a6d1ed7f') in 0.024764 seconds
  Import took 0.029394 seconds .

========================================================================
Received Import Request.
  Time since last request: 0.000566 seconds.
  path: Assets/SlotMachineArt/Slot.png
  artifactKey: Guid(272fda5bff786de45848b9ee2b8f0f48) Importer(815301076,1909f56bfc062723c751e8b465ee728b)
Start importing Assets/SlotMachineArt/Slot.png using Guid(272fda5bff786de45848b9ee2b8f0f48) Importer(815301076,1909f56bfc062723c751e8b465ee728b)  -> (artifact id: '504e0dd8b8f224781e6d007926b42f2f') in 0.022697 seconds
  Import took 0.026664 seconds .

========================================================================
Received Import Request.
  Time since last request: 0.000369 seconds.
  path: Assets/SlotMachineArt/SlotMachineV2.png
  artifactKey: Guid(6e50295dd30b5714db4ea352114105cf) Importer(815301076,1909f56bfc062723c751e8b465ee728b)
Start importing Assets/SlotMachineArt/SlotMachineV2.png using Guid(6e50295dd30b5714db4ea352114105cf) Importer(815301076,1909f56bfc062723c751e8b465ee728b)  -> (artifact id: '06256ced7a0152a3f1e808c006227a5c') in 0.054182 seconds
  Import took 0.059106 seconds .

========================================================================
Received Import Request.
  Time since last request: 0.000412 seconds.
  path: Assets/SlotMachineArt/SlotMachine.png
  artifactKey: Guid(4e9e848314c4d324d9d30a87a336c2ce) Importer(815301076,1909f56bfc062723c751e8b465ee728b)
Start importing Assets/SlotMachineArt/SlotMachine.png using Guid(4e9e848314c4d324d9d30a87a336c2ce) Importer(815301076,1909f56bfc062723c751e8b465ee728b)  -> (artifact id: '983dafbd706cae483b2a7792bbdcf078') in 0.038370 seconds
  Import took 0.042174 seconds .

========================================================================
Received Import Request.
  Time since last request: 0.000316 seconds.
  path: Assets/SlotMachineArt
  artifactKey: Guid(756e8acc50cb79d4f977750405cd1b20) Importer(815301076,1909f56bfc062723c751e8b465ee728b)
Start importing Assets/SlotMachineArt using Guid(756e8acc50cb79d4f977750405cd1b20) Importer(815301076,1909f56bfc062723c751e8b465ee728b)  -> (artifact id: 'b3aa200e961146c909ba67e87e06a466') in 0.011803 seconds
  Import took 0.015397 seconds .

========================================================================
Received Import Request.
  Time since last request: 0.000497 seconds.
  path: Assets/SlotMachine/Scenes
  artifactKey: Guid(d41be2c6d3925d945a2658b8fa4a39e4) Importer(815301076,1909f56bfc062723c751e8b465ee728b)
Start importing Assets/SlotMachine/Scenes using Guid(d41be2c6d3925d945a2658b8fa4a39e4) Importer(815301076,1909f56bfc062723c751e8b465ee728b)  -> (artifact id: '5441d0ac59b34c12d26e9fd0ce44e48f') in 0.011104 seconds
  Import took 0.014648 seconds .

========================================================================
Received Import Request.
  Time since last request: 2.205184 seconds.
  path: Assets/Test
  artifactKey: Guid(d81234884a97407478f249aa1d9aeede) Importer(815301076,1909f56bfc062723c751e8b465ee728b)
Start importing Assets/Test using Guid(d81234884a97407478f249aa1d9aeede) Importer(815301076,1909f56bfc062723c751e8b465ee728b)  -> (artifact id: 'efbf466179b979dd843b1acc45e4206b') in 0.012245 seconds
  Import took 0.017149 seconds .

========================================================================
Received Import Request.
  Time since last request: 3.788519 seconds.
  path: Assets/Script
  artifactKey: Guid(960aecacdce24e143aa7cd1233a421d2) Importer(815301076,1909f56bfc062723c751e8b465ee728b)
Start importing Assets/Script using Guid(960aecacdce24e143aa7cd1233a421d2) Importer(815301076,1909f56bfc062723c751e8b465ee728b)  -> (artifact id: '6bfb8752eff25ca07d478642d0bb7c01') in 0.019498 seconds
  Import took 0.026631 seconds .

========================================================================
Received Import Request.
  Time since last request: 0.152079 seconds.
  path: Assets/Script/SlotsScript.asmdef
  artifactKey: Guid(ad0abcb176e928943bf75cfa5e32049f) Importer(815301076,1909f56bfc062723c751e8b465ee728b)
Start importing Assets/Script/SlotsScript.asmdef using Guid(ad0abcb176e928943bf75cfa5e32049f) Importer(815301076,1909f56bfc062723c751e8b465ee728b)  -> (artifact id: 'c5d795e8430b18c943fff3f0f04ed0ea') in 0.033227 seconds
  Import took 0.036890 seconds .

========================================================================
Received Prepare
Registering precompiled user dll's ...
Registered in 0.001366 seconds.
Begin MonoManager ReloadAssembly
Native extension for WindowsStandalone target not found
Refreshing native plugins compatible for Editor in 0.39 ms, found 0 plugins.
Preloading 0 native plugins for Editor in 0.00 ms.
Mono: successfully reloaded assembly
- Completed reload, in  1.646 seconds
Platform modules already initialized, skipping
Refreshing native plugins compatible for Editor in 0.42 ms, found 0 plugins.
Preloading 0 native plugins for Editor in 0.00 ms.
Unloading 1147 Unused Serialized files (Serialized files now loaded: 0)
System memory in use before: 61.2 MB.
System memory in use after: 61.3 MB.

Unloading 4 unused Assets to reduce memory usage. Loaded Objects now: 1615.
Total: 2.754900 ms (FindLiveObjects: 0.325400 ms CreateObjectMapping: 0.086200 ms MarkObjects: 2.320300 ms  DeleteObjects: 0.021500 ms)

========================================================================
Received Import Request.
  Time since last request: 22.009207 seconds.
  path: Assets/SlotMachine/Slots3dModel.prefab
  artifactKey: Guid(b49a7a63b3072624692c384859da6d5f) Importer(815301076,1909f56bfc062723c751e8b465ee728b)
Start importing Assets/SlotMachine/Slots3dModel.prefab using Guid(b49a7a63b3072624692c384859da6d5f) Importer(815301076,1909f56bfc062723c751e8b465ee728b)  -> (artifact id: 'd158f9e6ae727eac732e8e907b91c4c1') in 0.518887 seconds
  Import took 0.524163 seconds .

========================================================================
Received Prepare
Registering precompiled user dll's ...
Registered in 0.001377 seconds.
Begin MonoManager ReloadAssembly
Native extension for WindowsStandalone target not found
Refreshing native plugins compatible for Editor in 0.45 ms, found 0 plugins.
Preloading 0 native plugins for Editor in 0.00 ms.
Mono: successfully reloaded assembly
- Completed reload, in  1.638 seconds
Platform modules already initialized, skipping
Refreshing native plugins compatible for Editor in 0.38 ms, found 0 plugins.
Preloading 0 native plugins for Editor in 0.00 ms.
Unloading 1147 Unused Serialized files (Serialized files now loaded: 0)
System memory in use before: 61.3 MB.
System memory in use after: 61.4 MB.

Unloading 4 unused Assets to reduce memory usage. Loaded Objects now: 1623.
Total: 3.102600 ms (FindLiveObjects: 0.394500 ms CreateObjectMapping: 0.093300 ms MarkObjects: 2.595100 ms  DeleteObjects: 0.018000 ms)

========================================================================
Received Import Request.
  Time since last request: 92.200638 seconds.
  path: Assets/Slots.unity
  artifactKey: Guid(a931d828f1e06a74b822e50041411393) Importer(815301076,1909f56bfc062723c751e8b465ee728b)
Start importing Assets/Slots.unity using Guid(a931d828f1e06a74b822e50041411393) Importer(815301076,1909f56bfc062723c751e8b465ee728b)  -> (artifact id: 'b4c19804fdb9a508f52eb762fbe729b4') in 0.039826 seconds
  Import took 0.045266 seconds .

========================================================================
Received Import Request.
  Time since last request: 0.001528 seconds.
  path: Assets/Slots.unity
  artifactKey: Guid(a931d828f1e06a74b822e50041411393) Importer(815301076,1909f56bfc062723c751e8b465ee728b)
Start importing Assets/Slots.unity using Guid(a931d828f1e06a74b822e50041411393) Importer(815301076,1909f56bfc062723c751e8b465ee728b)  -> (artifact id: 'b4c19804fdb9a508f52eb762fbe729b4') in 0.006107 seconds
  Import took 0.009742 seconds .

========================================================================
Received Prepare
Registering precompiled user dll's ...
Registered in 0.001728 seconds.
Begin MonoManager ReloadAssembly
Native extension for WindowsStandalone target not found
Refreshing native plugins compatible for Editor in 0.43 ms, found 0 plugins.
Preloading 0 native plugins for Editor in 0.00 ms.
Mono: successfully reloaded assembly
- Completed reload, in  1.638 seconds
Platform modules already initialized, skipping
Refreshing native plugins compatible for Editor in 0.41 ms, found 0 plugins.
Preloading 0 native plugins for Editor in 0.00 ms.
Unloading 1147 Unused Serialized files (Serialized files now loaded: 0)
System memory in use before: 61.3 MB.
System memory in use after: 61.4 MB.

Unloading 4 unused Assets to reduce memory usage. Loaded Objects now: 1626.
Total: 3.045800 ms (FindLiveObjects: 0.423900 ms CreateObjectMapping: 0.093000 ms MarkObjects: 2.504200 ms  DeleteObjects: 0.022400 ms)

========================================================================
Received Import Request.
  Time since last request: 108.040875 seconds.
  path: Assets/SlotMachine/SlotsGame 1.prefab
  artifactKey: Guid(554df56a41658af43bd8331c1e52695a) Importer(815301076,1909f56bfc062723c751e8b465ee728b)
Start importing Assets/SlotMachine/SlotsGame 1.prefab using Guid(554df56a41658af43bd8331c1e52695a) Importer(815301076,1909f56bfc062723c751e8b465ee728b)  -> (artifact id: '08266e8b007988649afb24a53aea5dc2') in 0.155098 seconds
  Import took 0.159614 seconds .

========================================================================
Received Prepare
Registering precompiled user dll's ...
Registered in 0.001174 seconds.
Begin MonoManager ReloadAssembly
Native extension for WindowsStandalone target not found
Refreshing native plugins compatible for Editor in 0.41 ms, found 0 plugins.
Preloading 0 native plugins for Editor in 0.00 ms.
Mono: successfully reloaded assembly
- Completed reload, in  1.644 seconds
Platform modules already initialized, skipping
Refreshing native plugins compatible for Editor in 0.54 ms, found 0 plugins.
Preloading 0 native plugins for Editor in 0.00 ms.
Unloading 1147 Unused Serialized files (Serialized files now loaded: 0)
System memory in use before: 61.4 MB.
System memory in use after: 61.5 MB.

Unloading 6 unused Assets to reduce memory usage. Loaded Objects now: 1632.
Total: 3.098000 ms (FindLiveObjects: 0.379100 ms CreateObjectMapping: 0.091300 ms MarkObjects: 2.583400 ms  DeleteObjects: 0.038900 ms)

========================================================================
Received Prepare
Registering precompiled user dll's ...
Registered in 0.001192 seconds.
Begin MonoManager ReloadAssembly
Native extension for WindowsStandalone target not found
Refreshing native plugins compatible for Editor in 0.59 ms, found 0 plugins.
Preloading 0 native plugins for Editor in 0.00 ms.
Mono: successfully reloaded assembly
- Completed reload, in  2.221 seconds
Platform modules already initialized, skipping
Refreshing native plugins compatible for Editor in 0.47 ms, found 0 plugins.
Preloading 0 native plugins for Editor in 0.00 ms.
Unloading 1147 Unused Serialized files (Serialized files now loaded: 0)
System memory in use before: 61.5 MB.
System memory in use after: 61.6 MB.

Unloading 4 unused Assets to reduce memory usage. Loaded Objects now: 1635.
Total: 3.645800 ms (FindLiveObjects: 0.494500 ms CreateObjectMapping: 0.096700 ms MarkObjects: 3.023600 ms  DeleteObjects: 0.027500 ms)

AssetImportWorkerClient::OnTransportError - code=2 error=End of file
